Build started 05/11/2013 16:13:18.
     1>Project "C:\Users\D2P2\Documents\GitHub\RType\Proj\RType\client\client.vcxproj" on node 2 (Build target(s)).
     1>ClCompile:
         C:\Program Files (x86)\Microsoft Visual Studio 11.0\VC\bin\CL.exe /c /I"SFML-2.1/include" /ZI /nologo /W3 /WX- /sdl /Od /Oy- /D _MBCS /Gm /EHsc /RTC1 /MDd /GS /fp:precise /Zc:wchar_t /Zc:forScope /Fo"Debug\\" /Fd"Debug\vc110.pdb" /Gd /TP /analyze- /errorReport:prompt Background.cpp ClientCommunication.cpp Drawable.cpp GameLoop.cpp main.cpp Menu.cpp MenuManager.cpp PlayerShip.cpp SpriteManager.cpp
         SpriteManager.cpp
         PlayerShip.cpp
         MenuManager.cpp
     1>c:\users\d2p2\documents\github\rtype\proj\rtype\client\menumanager.cpp(25): warning C4244: 'argument' : conversion from 'unsigned int' to 'float', possible loss of data
     1>c:\users\d2p2\documents\github\rtype\proj\rtype\client\menumanager.cpp(25): warning C4244: 'argument' : conversion from 'const int' to 'float', possible loss of data
     1>c:\users\d2p2\documents\github\rtype\proj\rtype\client\menumanager.cpp(66): warning C4244: 'argument' : conversion from 'int' to 'float', possible loss of data
         Menu.cpp
         main.cpp
         GameLoop.cpp
         Drawable.cpp
         ClientCommunication.cpp
         Background.cpp
         Generating Code...
       Link:
         C:\Program Files (x86)\Microsoft Visual Studio 11.0\VC\bin\link.exe /ERRORREPORT:PROMPT /OUT:"C:\Users\D2P2\Documents\GitHub\RType\Proj\RType\client\Debug\client.exe" /INCREMENTAL /NOLOGO /LIBPATH:"SFML-2.1\lib" "sfml-audio-d.lib" "sfml-graphics-d.lib" "sfml-system-d.lib" "sfml-window-d.lib" kernel32.lib user32.lib gdi32.lib winspool.lib comdlg32.lib advapi32.lib shell32.lib ole32.lib oleaut32.lib uuid.lib odbc32.lib odbccp32.lib kernel32.lib user32.lib gdi32.lib winspool.lib comdlg32.lib advapi32.lib shell32.lib ole32.lib oleaut32.lib uuid.lib odbc32.lib odbccp32.lib /MANIFEST /MANIFESTUAC:"level='asInvoker' uiAccess='false'" /manifest:embed /DEBUG /PDB:"C:\Users\D2P2\Documents\GitHub\RType\Proj\RType\client\Debug\client.pdb" /TLBID:1 /DYNAMICBASE /NXCOMPAT /IMPLIB:"C:\Users\D2P2\Documents\GitHub\RType\Proj\RType\client\Debug\client.lib" /MACHINE:X86 Debug\Background.obj
         Debug\ClientCommunication.obj
         Debug\Drawable.obj
         Debug\GameLoop.obj
         Debug\main.obj
         Debug\Menu.obj
         Debug\MenuManager.obj
         Debug\PlayerShip.obj
         Debug\SpriteManager.obj
         client.vcxproj -> C:\Users\D2P2\Documents\GitHub\RType\Proj\RType\client\Debug\client.exe
     1>Done Building Project "C:\Users\D2P2\Documents\GitHub\RType\Proj\RType\client\client.vcxproj" (Build target(s)).

Build succeeded.

Time Elapsed 00:00:09.44
